{"C:\\Users\\vahan.margaryan\\JS-Auto\\Ecommerce\\baseConfigs.js": {"path":"C:\\Users\\vahan.margaryan\\JS-Auto\\Ecommerce\\baseConfigs.js","statementMap":{"0":{"start":{"line":1,"column":23},"end":{"line":1,"column":55}}},"fnMap":{},"branchMap":{},"s":{"0":1},"f":{},"b":{},"_coverageSchema":"1a1c01bbd47fc00a2c39e90264f33305004495a9","hash":"b385879fa40a2494341009e9c16bc0da08be97dc"}
,"C:\\Users\\vahan.margaryan\\JS-Auto\\Ecommerce\\dataFiles.js": {"path":"C:\\Users\\vahan.margaryan\\JS-Auto\\Ecommerce\\dataFiles.js","statementMap":{"0":{"start":{"line":1,"column":31},"end":{"line":65,"column":1}}},"fnMap":{},"branchMap":{},"s":{"0":1},"f":{},"b":{},"_coverageSchema":"1a1c01bbd47fc00a2c39e90264f33305004495a9","hash":"a8c0a40a28b76100bb86cac9b2f9cb0f9b1f3ad8"}
,"C:\\Users\\vahan.margaryan\\JS-Auto\\Ecommerce\\ecommerce.js": {"path":"C:\\Users\\vahan.margaryan\\JS-Auto\\Ecommerce\\ecommerce.js","statementMap":{"0":{"start":{"line":5,"column":8},"end":{"line":5,"column":24}},"1":{"start":{"line":11,"column":8},"end":{"line":11,"column":37}},"2":{"start":{"line":44,"column":8},"end":{"line":44,"column":65}},"3":{"start":{"line":45,"column":8},"end":{"line":45,"column":63}},"4":{"start":{"line":46,"column":8},"end":{"line":46,"column":61}},"5":{"start":{"line":47,"column":8},"end":{"line":47,"column":52}},"6":{"start":{"line":50,"column":8},"end":{"line":50,"column":88}},"7":{"start":{"line":51,"column":8},"end":{"line":51,"column":64}},"8":{"start":{"line":55,"column":26},"end":{"line":60,"column":12}},"9":{"start":{"line":56,"column":12},"end":{"line":59,"column":21}},"10":{"start":{"line":57,"column":15},"end":{"line":57,"column":108}},"11":{"start":{"line":58,"column":15},"end":{"line":58,"column":74}},"12":{"start":{"line":61,"column":8},"end":{"line":62,"column":76}},"13":{"start":{"line":67,"column":8},"end":{"line":67,"column":63}},"14":{"start":{"line":68,"column":8},"end":{"line":68,"column":65}},"15":{"start":{"line":69,"column":8},"end":{"line":69,"column":61}},"16":{"start":{"line":70,"column":8},"end":{"line":70,"column":73}},"17":{"start":{"line":71,"column":8},"end":{"line":71,"column":61}},"18":{"start":{"line":72,"column":8},"end":{"line":72,"column":48}},"19":{"start":{"line":73,"column":8},"end":{"line":73,"column":63}},"20":{"start":{"line":74,"column":8},"end":{"line":74,"column":58}},"21":{"start":{"line":75,"column":8},"end":{"line":75,"column":82}},"22":{"start":{"line":76,"column":8},"end":{"line":76,"column":65}},"23":{"start":{"line":77,"column":8},"end":{"line":77,"column":84}},"24":{"start":{"line":78,"column":8},"end":{"line":78,"column":62}},"25":{"start":{"line":79,"column":8},"end":{"line":79,"column":47}}},"fnMap":{"0":{"name":"(anonymous_0)","decl":{"start":{"line":4,"column":4},"end":{"line":4,"column":5}},"loc":{"start":{"line":4,"column":31},"end":{"line":8,"column":5}},"line":4},"1":{"name":"(anonymous_1)","decl":{"start":{"line":10,"column":4},"end":{"line":10,"column":5}},"loc":{"start":{"line":10,"column":17},"end":{"line":12,"column":5}},"line":10},"2":{"name":"(anonymous_2)","decl":{"start":{"line":43,"column":4},"end":{"line":43,"column":5}},"loc":{"start":{"line":43,"column":34},"end":{"line":48,"column":5}},"line":43},"3":{"name":"(anonymous_3)","decl":{"start":{"line":49,"column":4},"end":{"line":49,"column":5}},"loc":{"start":{"line":49,"column":19},"end":{"line":52,"column":5}},"line":49},"4":{"name":"(anonymous_4)","decl":{"start":{"line":54,"column":4},"end":{"line":54,"column":5}},"loc":{"start":{"line":54,"column":22},"end":{"line":63,"column":5}},"line":54},"5":{"name":"(anonymous_5)","decl":{"start":{"line":55,"column":38},"end":{"line":55,"column":39}},"loc":{"start":{"line":55,"column":51},"end":{"line":60,"column":11}},"line":55},"6":{"name":"(anonymous_6)","decl":{"start":{"line":56,"column":23},"end":{"line":56,"column":24}},"loc":{"start":{"line":56,"column":35},"end":{"line":59,"column":13}},"line":56},"7":{"name":"(anonymous_7)","decl":{"start":{"line":65,"column":4},"end":{"line":65,"column":5}},"loc":{"start":{"line":65,"column":41},"end":{"line":80,"column":5}},"line":65}},"branchMap":{},"s":{"0":1,"1":1,"2":1,"3":1,"4":1,"5":1,"6":1,"7":1,"8":1,"9":1,"10":1,"11":1,"12":1,"13":1,"14":1,"15":1,"16":1,"17":1,"18":1,"19":1,"20":1,"21":1,"22":1,"23":1,"24":1,"25":1},"f":{"0":1,"1":1,"2":1,"3":1,"4":1,"5":1,"6":1,"7":1},"b":{},"_coverageSchema":"1a1c01bbd47fc00a2c39e90264f33305004495a9","hash":"d83bc38e7c03e3eb44e272c9ad9e5ccd3275911e"}
,"C:\\Users\\vahan.margaryan\\JS-Auto\\Ecommerce\\ecommerceSelectors.js": {"path":"C:\\Users\\vahan.margaryan\\JS-Auto\\Ecommerce\\ecommerceSelectors.js","statementMap":{"0":{"start":{"line":1,"column":38},"end":{"line":41,"column":1}}},"fnMap":{},"branchMap":{},"s":{"0":1},"f":{},"b":{},"_coverageSchema":"1a1c01bbd47fc00a2c39e90264f33305004495a9","hash":"963ed85453d25fcacc36bd7b91329ac1da848119"}
}
