{"C:\\Users\\vahan.margaryan\\JS-Auto\\Ecommerce\\Utils.js": {"path":"C:\\Users\\vahan.margaryan\\JS-Auto\\Ecommerce\\Utils.js","statementMap":{"0":{"start":{"line":3,"column":18},"end":{"line":12,"column":1}},"1":{"start":{"line":5,"column":29},"end":{"line":5,"column":60}},"2":{"start":{"line":6,"column":8},"end":{"line":6,"column":86}},"3":{"start":{"line":9,"column":25},"end":{"line":9,"column":56}},"4":{"start":{"line":10,"column":8},"end":{"line":10,"column":80}}},"fnMap":{"0":{"name":"(anonymous_0)","decl":{"start":{"line":4,"column":26},"end":{"line":4,"column":27}},"loc":{"start":{"line":4,"column":37},"end":{"line":7,"column":1}},"line":4},"1":{"name":"(anonymous_1)","decl":{"start":{"line":8,"column":24},"end":{"line":8,"column":25}},"loc":{"start":{"line":8,"column":34},"end":{"line":11,"column":5}},"line":8}},"branchMap":{},"s":{"0":1,"1":1,"2":1,"3":1,"4":1},"f":{"0":1,"1":1},"b":{},"_coverageSchema":"1a1c01bbd47fc00a2c39e90264f33305004495a9","hash":"81c0c1c34c98bcd5f3fa610533f37b745aaee887"}
,"C:\\Users\\vahan.margaryan\\JS-Auto\\Ecommerce\\dataFiles.js": {"path":"C:\\Users\\vahan.margaryan\\JS-Auto\\Ecommerce\\dataFiles.js","statementMap":{"0":{"start":{"line":1,"column":31},"end":{"line":65,"column":1}}},"fnMap":{},"branchMap":{},"s":{"0":1},"f":{},"b":{},"_coverageSchema":"1a1c01bbd47fc00a2c39e90264f33305004495a9","hash":"a8c0a40a28b76100bb86cac9b2f9cb0f9b1f3ad8"}
}
